
getZhihuLog : INFO     In consumer get ZhihuLog init success!
getZhihuLog : INFO     prepar init :0thread
getZhihuLog : INFO     thread init:0success!
urllib3.connectionpool: INFO     Starting new HTTPS connection (1): www.zhihu.com
getZhihuLog : INFO     prepar init :1thread
getZhihuLog : INFO     thread init:1success!
urllib3.connectionpool: INFO     Starting new HTTPS connection (1): www.zhihu.com
getZhihuLog : INFO     In watchThread ....................
urllib3.connectionpool: INFO     Resetting dropped connection: www.zhihu.com
urllib3.connectionpool: INFO     Resetting dropped connection: www.zhihu.com
getZhihuLog : INFO     In watchThread ....................
getZhihuLog : INFO     xrsf is :7097200996e4799860b9adeb2961b07e
getZhihuLog : INFO     prepar to get url_token detail info: qi-zhan-meng
urllib3.connectionpool: INFO     Resetting dropped connection: www.zhihu.com
getZhihuLog : INFO     xrsf is :7097200996e4799860b9adeb2961b07e
Exception in thread Thread-2:
Traceback (most recent call last):
  File "/usr/lib/python2.7/threading.py", line 810, in __bootstrap_inner
    self.run()
  File "consumer.py", line 394, in run
    self.consumerThread()
  File "consumer.py", line 377, in consumerThread
    self.addItem2List(userItem)
  File "consumer.py", line 390, in addItem2List
    print(u"add user:"+ item.name + "to userInfoList !")
UnicodeEncodeError: 'ascii' codec can't encode characters in position 9-11: ordinal not in range(128)

getZhihuLog : INFO     In watchThread ....................
getZhihuLog : INFO     In watchThread ....................
getZhihuLog : INFO     In watchThread ....................
getZhihuLog : INFO     In watchThread ....................
getZhihuLog : INFO     In watchThread ....................
getZhihuLog : INFO     In watchThread ....................
getZhihuLog : INFO     In watchThread ....................
getZhihuLog : INFO     In watchThread ....................
getZhihuLog : INFO     In watchThread ....................
getZhihuLog : INFO     In watchThread ....................
getZhihuLog : INFO     In watchThread ....................
getZhihuLog : INFO     In watchThread ....................
getZhihuLog : INFO     In watchThread ....................
getZhihuLog : INFO     In watchThread ....................
getZhihuLog : INFO     In watchThread ....................
getZhihuLog : INFO     In watchThread ....................
getZhihuLog : INFO     In watchThread ....................
getZhihuLog : INFO     In watchThread ....................
getZhihuLog : INFO     In watchThread ....................
getZhihuLog : INFO     In watchThread ....................
